Using pre-set license
Built from '2020.3/staging' branch; Version is '2020.3.11f1 (99c7afb366b3) revision 10078127'; Using compiler version '192528614'; Build Type 'Release'
OS: 'Windows 10 Education; OS build 18363.1556; Version 1909; 64bit' Language: 'en' Physical Memory: 16163 MB
BatchMode: 1, IsHumanControllingUs: 0, StartBugReporterOnCrash: 0, Is64bit: 1, IsPro: 0

 COMMAND LINE ARGUMENTS:
C:\Program Files\Unity\Hub\Editor\2020.3.11f1\Editor\Unity.exe
-adb2
-batchMode
-noUpm
-name
AssetImportWorker0
-projectPath
C:/Users/bo.steen/Documents/GitHub/Congalong
-logFile
Logs/AssetImportWorker0.log
-srvPort
52665
Successfully changed project path to: C:/Users/bo.steen/Documents/GitHub/Congalong
C:/Users/bo.steen/Documents/GitHub/Congalong
Using Asset Import Pipeline V2.
Refreshing native plugins compatible for Editor in 27.09 ms, found 2 plugins.
Preloading 0 native plugins for Editor in 0.00 ms.
Initialize engine version: 2020.3.11f1 (99c7afb366b3)
[Subsystems] Discovering subsystems at path C:/Program Files/Unity/Hub/Editor/2020.3.11f1/Editor/Data/Resources/UnitySubsystems
[Subsystems] Discovering subsystems at path C:/Users/bo.steen/Documents/GitHub/Congalong/Assets
GfxDevice: creating device client; threaded=0
Direct3D:
    Version:  Direct3D 11.0 [level 11.1]
    Renderer: NVIDIA GeForce RTX 2080 (ID=0x1e82)
    Vendor:   
    VRAM:     8010 MB
    Driver:   26.21.14.4223
Initialize mono
Mono path[0] = 'C:/Program Files/Unity/Hub/Editor/2020.3.11f1/Editor/Data/Managed'
Mono path[1] = 'C:/Program Files/Unity/Hub/Editor/2020.3.11f1/Editor/Data/MonoBleedingEdge/lib/mono/unityjit'
Mono config path = 'C:/Program Files/Unity/Hub/Editor/2020.3.11f1/Editor/Data/MonoBleedingEdge/etc'
Using monoOptions --debugger-agent=transport=dt_socket,embedding=1,server=y,suspend=n,address=127.0.0.1:56948
Begin MonoManager ReloadAssembly
Registering precompiled unity dll's ...
Register platform support module: C:/Program Files/Unity/Hub/Editor/2020.3.11f1/Editor/Data/PlaybackEngines/WebGLSupport/UnityEditor.WebGL.Extensions.dll
Register platform support module: C:/Program Files/Unity/Hub/Editor/2020.3.11f1/Editor/Data/PlaybackEngines/WindowsStandaloneSupport/UnityEditor.WindowsStandalone.Extensions.dll
Registered in 0.002039 seconds.
Native extension for WindowsStandalone target not found
Native extension for WebGL target not found
Refreshing native plugins compatible for Editor in 27.52 ms, found 2 plugins.
Preloading 0 native plugins for Editor in 0.00 ms.
Mono: successfully reloaded assembly
- Completed reload, in  0.993 seconds
Platform modules already initialized, skipping
Registering precompiled user dll's ...
Registered in 0.003763 seconds.
Begin MonoManager ReloadAssembly
Native extension for WindowsStandalone target not found
Native extension for WebGL target not found
Refreshing native plugins compatible for Editor in 0.28 ms, found 2 plugins.
Preloading 0 native plugins for Editor in 0.00 ms.
Mono: successfully reloaded assembly
- Completed reload, in  0.898 seconds
Platform modules already initialized, skipping
========================================================================
Worker process is ready to serve import requests
Launched and connected shader compiler UnityShaderCompiler.exe after 0.05 seconds
Refreshing native plugins compatible for Editor in 0.28 ms, found 2 plugins.
Preloading 0 native plugins for Editor in 0.00 ms.
Unloading 1489 Unused Serialized files (Serialized files now loaded: 0)
System memory in use before: 69.4 MB.
System memory in use after: 69.5 MB.

Unloading 22 unused Assets to reduce memory usage. Loaded Objects now: 1927.
Total: 1.856900 ms (FindLiveObjects: 0.160800 ms CreateObjectMapping: 0.071800 ms MarkObjects: 1.558400 ms  DeleteObjects: 0.065300 ms)

========================================================================
Received Import Request.
  path: Assets/Scenes
  artifactKey: Guid(b1bfc8304e2fc7b4fa0e7183a18e1559) Importer(815301076,1909f56bfc062723c751e8b465ee728b)
Start importing Assets/Scenes using Guid(b1bfc8304e2fc7b4fa0e7183a18e1559) Importer(815301076,1909f56bfc062723c751e8b465ee728b)  -> (artifact id: '805ab0aef2cc9f0dc84303e3e1ccd0c2') in 0.008712 seconds
  Import took 0.011397 seconds .

========================================================================
Received Import Request.
  Time since last request: 0.688592 seconds.
  path: Assets/Scenes/GameScene.unity
  artifactKey: Guid(fb8bbd9afd38c884988fc34dfceab472) Importer(815301076,1909f56bfc062723c751e8b465ee728b)
Start importing Assets/Scenes/GameScene.unity using Guid(fb8bbd9afd38c884988fc34dfceab472) Importer(815301076,1909f56bfc062723c751e8b465ee728b)  -> (artifact id: '05bec5e872d8bb3a3a06bb1b33755154') in 0.011731 seconds
  Import took 0.013743 seconds .

========================================================================
Received Import Request.
  Time since last request: 112.715167 seconds.
  path: Assets/Prefabs/BlueBuilding.prefab
  artifactKey: Guid(56a5bd726c30a8f4e8b64a5484f2bbbe) Importer(815301076,1909f56bfc062723c751e8b465ee728b)
Start importing Assets/Prefabs/BlueBuilding.prefab using Guid(56a5bd726c30a8f4e8b64a5484f2bbbe) Importer(815301076,1909f56bfc062723c751e8b465ee728b)  -> (artifact id: 'dd74a94a1e1d9e4299ae9bbd9678b217') in 0.100157 seconds
  Import took 0.102816 seconds .

========================================================================
Received Import Request.
  Time since last request: 0.000227 seconds.
  path: Assets/Prefabs/Cop.prefab
  artifactKey: Guid(9549e9fcf1bb6664d8f8bd0cd2216220) Importer(815301076,1909f56bfc062723c751e8b465ee728b)
Start importing Assets/Prefabs/Cop.prefab using Guid(9549e9fcf1bb6664d8f8bd0cd2216220) Importer(815301076,1909f56bfc062723c751e8b465ee728b)  -> (artifact id: 'e350e9926cbb97518284ea5cd5cdfaa1') in 0.023141 seconds
  Import took 0.025462 seconds .

========================================================================
Received Import Request.
  Time since last request: 0.000260 seconds.
  path: Assets/Prefabs/GreenBuilding.prefab
  artifactKey: Guid(2f64443c096663542abefa5616588387) Importer(815301076,1909f56bfc062723c751e8b465ee728b)
Start importing Assets/Prefabs/GreenBuilding.prefab using Guid(2f64443c096663542abefa5616588387) Importer(815301076,1909f56bfc062723c751e8b465ee728b)  -> (artifact id: '53dd76195be19b0bc0fb3d011e46ed80') in 0.012925 seconds
  Import took 0.015244 seconds .

========================================================================
Received Import Request.
  Time since last request: 0.000247 seconds.
  path: Assets/Prefabs/Rat.prefab
  artifactKey: Guid(d5a8e452dc96e4748803fbca481968e1) Importer(815301076,1909f56bfc062723c751e8b465ee728b)
Start importing Assets/Prefabs/Rat.prefab using Guid(d5a8e452dc96e4748803fbca481968e1) Importer(815301076,1909f56bfc062723c751e8b465ee728b)  -> (artifact id: 'b7687a2fe64815567f301d598be7aba8') in 0.017914 seconds
  Import took 0.020360 seconds .

========================================================================
Received Import Request.
  Time since last request: 0.000238 seconds.
  path: Assets/Prefabs/RedBuilding.prefab
  artifactKey: Guid(17a629d7d6edeb4468b6e7f8d2bcae3f) Importer(815301076,1909f56bfc062723c751e8b465ee728b)
Start importing Assets/Prefabs/RedBuilding.prefab using Guid(17a629d7d6edeb4468b6e7f8d2bcae3f) Importer(815301076,1909f56bfc062723c751e8b465ee728b)  -> (artifact id: '62439667f193f9c81f76b452c4a0e1cb') in 0.018935 seconds
  Import took 0.021239 seconds .

========================================================================
Received Import Request.
  Time since last request: 0.000260 seconds.
  path: Assets/Prefabs/Dog.prefab
  artifactKey: Guid(6b7f5866e66af5140874de1ad5dcaacd) Importer(815301076,1909f56bfc062723c751e8b465ee728b)
Start importing Assets/Prefabs/Dog.prefab using Guid(6b7f5866e66af5140874de1ad5dcaacd) Importer(815301076,1909f56bfc062723c751e8b465ee728b)  -> (artifact id: 'ea2ae7521a523b7460e49d1bc8a1ce1d') in 0.018662 seconds
  Import took 0.020824 seconds .

========================================================================
Received Import Request.
  Time since last request: 0.000278 seconds.
  path: Assets/Prefabs/Bottle.prefab
  artifactKey: Guid(89c80ed1e9ca8ad46bc656e592c20993) Importer(815301076,1909f56bfc062723c751e8b465ee728b)
Start importing Assets/Prefabs/Bottle.prefab using Guid(89c80ed1e9ca8ad46bc656e592c20993) Importer(815301076,1909f56bfc062723c751e8b465ee728b)  -> (artifact id: '28d80211185c474fc57adfe500c9b9ed') in 0.045087 seconds
  Import took 0.047218 seconds .

========================================================================
Received Import Request.
  Time since last request: 0.000268 seconds.
  path: Assets/Prefabs/Cat.prefab
  artifactKey: Guid(db5ec4847fcb19c4ebf087d6b7a9b191) Importer(815301076,1909f56bfc062723c751e8b465ee728b)
Start importing Assets/Prefabs/Cat.prefab using Guid(db5ec4847fcb19c4ebf087d6b7a9b191) Importer(815301076,1909f56bfc062723c751e8b465ee728b)  -> (artifact id: '947de41f5ae84a6170ac14907195d439') in 0.012140 seconds
  Import took 0.014922 seconds .

========================================================================
Received Import Request.
  Time since last request: 0.000240 seconds.
  path: Assets/Prefabs/Cow.prefab
  artifactKey: Guid(3747960e8d3787c47a13a5222156c8e7) Importer(815301076,1909f56bfc062723c751e8b465ee728b)
Start importing Assets/Prefabs/Cow.prefab using Guid(3747960e8d3787c47a13a5222156c8e7) Importer(815301076,1909f56bfc062723c751e8b465ee728b)  -> (artifact id: '31c44533ee094cffb9bc7ee7bf4de4f3') in 0.032699 seconds
  Import took 0.035245 seconds .

========================================================================
Received Import Request.
  Time since last request: 0.000263 seconds.
  path: Assets/Prefabs/Toilet.prefab
  artifactKey: Guid(df7d781e288c90d44846997c4c968fcc) Importer(815301076,1909f56bfc062723c751e8b465ee728b)
Start importing Assets/Prefabs/Toilet.prefab using Guid(df7d781e288c90d44846997c4c968fcc) Importer(815301076,1909f56bfc062723c751e8b465ee728b)  -> (artifact id: '992dfdbd38e368297d8840accab5e676') in 0.017488 seconds
  Import took 0.019651 seconds .

========================================================================
Received Prepare
Registering precompiled user dll's ...
Registered in 0.003383 seconds.
Begin MonoManager ReloadAssembly
Native extension for WindowsStandalone target not found
Native extension for WebGL target not found
Refreshing native plugins compatible for Editor in 0.30 ms, found 2 plugins.
Preloading 0 native plugins for Editor in 0.00 ms.
Mono: successfully reloaded assembly
- Completed reload, in  0.803 seconds
Platform modules already initialized, skipping
Refreshing native plugins compatible for Editor in 0.30 ms, found 2 plugins.
Preloading 0 native plugins for Editor in 0.00 ms.
Unloading 1469 Unused Serialized files (Serialized files now loaded: 0)
System memory in use before: 71.2 MB.
System memory in use after: 71.3 MB.

Unloading 13 unused Assets to reduce memory usage. Loaded Objects now: 1938.
Total: 1.852000 ms (FindLiveObjects: 0.146800 ms CreateObjectMapping: 0.035200 ms MarkObjects: 1.654600 ms  DeleteObjects: 0.014800 ms)

========================================================================
Received Prepare
Registering precompiled user dll's ...
Registered in 0.003509 seconds.
Begin MonoManager ReloadAssembly
Native extension for WindowsStandalone target not found
Native extension for WebGL target not found
Refreshing native plugins compatible for Editor in 0.31 ms, found 2 plugins.
Preloading 0 native plugins for Editor in 0.00 ms.
Mono: successfully reloaded assembly
- Completed reload, in  0.881 seconds
Platform modules already initialized, skipping
Refreshing native plugins compatible for Editor in 0.47 ms, found 2 plugins.
Preloading 0 native plugins for Editor in 0.00 ms.
Unloading 1469 Unused Serialized files (Serialized files now loaded: 0)
System memory in use before: 71.2 MB.
System memory in use after: 71.3 MB.

Unloading 13 unused Assets to reduce memory usage. Loaded Objects now: 1941.
Total: 2.016400 ms (FindLiveObjects: 0.208900 ms CreateObjectMapping: 0.052500 ms MarkObjects: 1.730400 ms  DeleteObjects: 0.023400 ms)

========================================================================
Received Prepare
Registering precompiled user dll's ...
Registered in 0.003549 seconds.
Begin MonoManager ReloadAssembly
Native extension for WindowsStandalone target not found
Native extension for WebGL target not found
Refreshing native plugins compatible for Editor in 0.37 ms, found 2 plugins.
Preloading 0 native plugins for Editor in 0.00 ms.
Mono: successfully reloaded assembly
- Completed reload, in  0.842 seconds
Platform modules already initialized, skipping
Refreshing native plugins compatible for Editor in 0.35 ms, found 2 plugins.
Preloading 0 native plugins for Editor in 0.00 ms.
Unloading 1469 Unused Serialized files (Serialized files now loaded: 0)
System memory in use before: 71.3 MB.
System memory in use after: 71.4 MB.

Unloading 13 unused Assets to reduce memory usage. Loaded Objects now: 1944.
Total: 1.838900 ms (FindLiveObjects: 0.133700 ms CreateObjectMapping: 0.041100 ms MarkObjects: 1.643600 ms  DeleteObjects: 0.019800 ms)

========================================================================
Received Prepare
Registering precompiled user dll's ...
Registered in 0.005954 seconds.
Begin MonoManager ReloadAssembly
Native extension for WindowsStandalone target not found
Native extension for WebGL target not found
Refreshing native plugins compatible for Editor in 0.29 ms, found 2 plugins.
Preloading 0 native plugins for Editor in 0.00 ms.
Mono: successfully reloaded assembly
- Completed reload, in  0.784 seconds
Platform modules already initialized, skipping
Refreshing native plugins compatible for Editor in 0.29 ms, found 2 plugins.
Preloading 0 native plugins for Editor in 0.00 ms.
Unloading 1469 Unused Serialized files (Serialized files now loaded: 0)
System memory in use before: 71.3 MB.
System memory in use after: 71.4 MB.

Unloading 13 unused Assets to reduce memory usage. Loaded Objects now: 1947.
Total: 1.583800 ms (FindLiveObjects: 0.122300 ms CreateObjectMapping: 0.037000 ms MarkObjects: 1.411100 ms  DeleteObjects: 0.012600 ms)

========================================================================
Received Prepare
Registering precompiled user dll's ...
Registered in 0.003346 seconds.
Begin MonoManager ReloadAssembly
Native extension for WindowsStandalone target not found
Native extension for WebGL target not found
Refreshing native plugins compatible for Editor in 0.29 ms, found 2 plugins.
Preloading 0 native plugins for Editor in 0.00 ms.
Mono: successfully reloaded assembly
- Completed reload, in  0.777 seconds
Platform modules already initialized, skipping
Refreshing native plugins compatible for Editor in 0.29 ms, found 2 plugins.
Preloading 0 native plugins for Editor in 0.00 ms.
Unloading 1469 Unused Serialized files (Serialized files now loaded: 0)
System memory in use before: 71.3 MB.
System memory in use after: 71.4 MB.

Unloading 13 unused Assets to reduce memory usage. Loaded Objects now: 1950.
Total: 1.747300 ms (FindLiveObjects: 0.144700 ms CreateObjectMapping: 0.037700 ms MarkObjects: 1.551500 ms  DeleteObjects: 0.012800 ms)

========================================================================
Received Prepare
Registering precompiled user dll's ...
Registered in 0.003316 seconds.
Begin MonoManager ReloadAssembly
Native extension for WindowsStandalone target not found
Native extension for WebGL target not found
Refreshing native plugins compatible for Editor in 0.28 ms, found 2 plugins.
Preloading 0 native plugins for Editor in 0.00 ms.
Mono: successfully reloaded assembly
- Completed reload, in  0.764 seconds
Platform modules already initialized, skipping
Refreshing native plugins compatible for Editor in 0.30 ms, found 2 plugins.
Preloading 0 native plugins for Editor in 0.00 ms.
Unloading 1469 Unused Serialized files (Serialized files now loaded: 0)
System memory in use before: 71.3 MB.
System memory in use after: 71.4 MB.

Unloading 13 unused Assets to reduce memory usage. Loaded Objects now: 1953.
Total: 1.678200 ms (FindLiveObjects: 0.143900 ms CreateObjectMapping: 0.036400 ms MarkObjects: 1.483600 ms  DeleteObjects: 0.013500 ms)

========================================================================
Received Prepare
Registering precompiled user dll's ...
Registered in 0.003375 seconds.
Begin MonoManager ReloadAssembly
Native extension for WindowsStandalone target not found
Native extension for WebGL target not found
Refreshing native plugins compatible for Editor in 0.28 ms, found 2 plugins.
Preloading 0 native plugins for Editor in 0.00 ms.
Mono: successfully reloaded assembly
- Completed reload, in  0.774 seconds
Platform modules already initialized, skipping
Refreshing native plugins compatible for Editor in 0.28 ms, found 2 plugins.
Preloading 0 native plugins for Editor in 0.00 ms.
Unloading 1469 Unused Serialized files (Serialized files now loaded: 0)
System memory in use before: 71.3 MB.
System memory in use after: 71.4 MB.

Unloading 13 unused Assets to reduce memory usage. Loaded Objects now: 1956.
Total: 1.832500 ms (FindLiveObjects: 0.155800 ms CreateObjectMapping: 0.039300 ms MarkObjects: 1.623700 ms  DeleteObjects: 0.013200 ms)

========================================================================
Received Prepare
Registering precompiled user dll's ...
Registered in 0.003306 seconds.
Begin MonoManager ReloadAssembly
Native extension for WindowsStandalone target not found
Native extension for WebGL target not found
Refreshing native plugins compatible for Editor in 0.29 ms, found 2 plugins.
Preloading 0 native plugins for Editor in 0.00 ms.
Mono: successfully reloaded assembly
- Completed reload, in  0.749 seconds
Platform modules already initialized, skipping
Refreshing native plugins compatible for Editor in 0.28 ms, found 2 plugins.
Preloading 0 native plugins for Editor in 0.00 ms.
Unloading 1469 Unused Serialized files (Serialized files now loaded: 0)
System memory in use before: 71.3 MB.
System memory in use after: 71.4 MB.

Unloading 13 unused Assets to reduce memory usage. Loaded Objects now: 1959.
Total: 1.745300 ms (FindLiveObjects: 0.157500 ms CreateObjectMapping: 0.042900 ms MarkObjects: 1.529800 ms  DeleteObjects: 0.014300 ms)

AssetImportWorkerClient::OnTransportError - code=2 error=End of file
