Using pre-set license
Built from '2020.3/staging' branch; Version is '2020.3.11f1 (99c7afb366b3) revision 10078127'; Using compiler version '192528614'; Build Type 'Release'
OS: 'Windows 10 Home; OS build 19042.1052; Version 2009; 64bit' Language: 'sv' Physical Memory: 16335 MB
BatchMode: 1, IsHumanControllingUs: 0, StartBugReporterOnCrash: 0, Is64bit: 1, IsPro: 0

 COMMAND LINE ARGUMENTS:
D:\Program\Unity Editors\2020.3.11f1\Editor\Unity.exe
-adb2
-batchMode
-noUpm
-name
AssetImportWorker0
-projectPath
D:/Dokument/GitHub/Congalong
-logFile
Logs/AssetImportWorker0.log
-srvPort
65053
Successfully changed project path to: D:/Dokument/GitHub/Congalong
D:/Dokument/GitHub/Congalong
Using Asset Import Pipeline V2.
Refreshing native plugins compatible for Editor in 31.96 ms, found 2 plugins.
Preloading 0 native plugins for Editor in 0.00 ms.
Initialize engine version: 2020.3.11f1 (99c7afb366b3)
[Subsystems] Discovering subsystems at path D:/Program/Unity Editors/2020.3.11f1/Editor/Data/Resources/UnitySubsystems
[Subsystems] Discovering subsystems at path D:/Dokument/GitHub/Congalong/Assets
GfxDevice: creating device client; threaded=0
Direct3D:
    Version:  Direct3D 11.0 [level 11.1]
    Renderer: NVIDIA GeForce GTX 1080 (ID=0x1b80)
    Vendor:   
    VRAM:     8079 MB
    Driver:   27.21.14.6589
Initialize mono
Mono path[0] = 'D:/Program/Unity Editors/2020.3.11f1/Editor/Data/Managed'
Mono path[1] = 'D:/Program/Unity Editors/2020.3.11f1/Editor/Data/MonoBleedingEdge/lib/mono/unityjit'
Mono config path = 'D:/Program/Unity Editors/2020.3.11f1/Editor/Data/MonoBleedingEdge/etc'
Using monoOptions --debugger-agent=transport=dt_socket,embedding=1,server=y,suspend=n,address=127.0.0.1:56644
Begin MonoManager ReloadAssembly
Registering precompiled unity dll's ...
Register platform support module: D:/Program/Unity Editors/2020.3.11f1/Editor/Data/PlaybackEngines/WebGLSupport/UnityEditor.WebGL.Extensions.dll
Register platform support module: D:/Program/Unity Editors/2020.3.11f1/Editor/Data/PlaybackEngines/WindowsStandaloneSupport/UnityEditor.WindowsStandalone.Extensions.dll
Registered in 0.001411 seconds.
Native extension for WindowsStandalone target not found
Native extension for WebGL target not found
Refreshing native plugins compatible for Editor in 36.06 ms, found 2 plugins.
Preloading 0 native plugins for Editor in 0.00 ms.
Mono: successfully reloaded assembly
- Completed reload, in  1.048 seconds
Platform modules already initialized, skipping
Registering precompiled user dll's ...
Registered in 0.002795 seconds.
Begin MonoManager ReloadAssembly
Native extension for WindowsStandalone target not found
Native extension for WebGL target not found
Refreshing native plugins compatible for Editor in 0.35 ms, found 2 plugins.
Preloading 0 native plugins for Editor in 0.00 ms.
Mono: successfully reloaded assembly
- Completed reload, in  1.096 seconds
Platform modules already initialized, skipping
========================================================================
Worker process is ready to serve import requests
Launched and connected shader compiler UnityShaderCompiler.exe after 0.06 seconds
Refreshing native plugins compatible for Editor in 0.40 ms, found 2 plugins.
Preloading 0 native plugins for Editor in 0.00 ms.
Unloading 1430 Unused Serialized files (Serialized files now loaded: 0)
System memory in use before: 66.0 MB.
System memory in use after: 66.1 MB.

Unloading 19 unused Assets to reduce memory usage. Loaded Objects now: 1863.
Total: 2.052900 ms (FindLiveObjects: 0.215400 ms CreateObjectMapping: 0.035400 ms MarkObjects: 1.712600 ms  DeleteObjects: 0.088100 ms)

========================================================================
Received Import Request.
  path: Assets/Prefabs/Cat.prefab
  artifactKey: Guid(a4431eba138f8bf44b271f5a6b0ee75e) Importer(815301076,1909f56bfc062723c751e8b465ee728b)
Start importing Assets/Prefabs/Cat.prefab using Guid(a4431eba138f8bf44b271f5a6b0ee75e) Importer(815301076,1909f56bfc062723c751e8b465ee728b)  -> (artifact id: '6bf65ea608faf65ebc283063ee745193') in 0.274716 seconds
  Import took 0.277122 seconds .

========================================================================
Received Import Request.
  Time since last request: 0.000160 seconds.
  path: Assets/Prefabs/Cop.prefab
  artifactKey: Guid(4e5f0d1920904784db7ce4542519e7ef) Importer(815301076,1909f56bfc062723c751e8b465ee728b)
Start importing Assets/Prefabs/Cop.prefab using Guid(4e5f0d1920904784db7ce4542519e7ef) Importer(815301076,1909f56bfc062723c751e8b465ee728b)  -> (artifact id: 'aee0f6ca8d6da0ca5f46f918cc405f6b') in 0.015326 seconds
  Import took 0.017794 seconds .

========================================================================
Received Import Request.
  Time since last request: 0.000188 seconds.
  path: Assets/Prefabs/Cow.prefab
  artifactKey: Guid(d9b2e2d79a63ef0459f0d03e479b51c6) Importer(815301076,1909f56bfc062723c751e8b465ee728b)
Start importing Assets/Prefabs/Cow.prefab using Guid(d9b2e2d79a63ef0459f0d03e479b51c6) Importer(815301076,1909f56bfc062723c751e8b465ee728b)  -> (artifact id: '9e0f8bf7a51066b1f169f84b6af8983f') in 0.013122 seconds
  Import took 0.015436 seconds .

========================================================================
Received Import Request.
  Time since last request: 0.836731 seconds.
  path: Assets/Prefabs/Dog.prefab
  artifactKey: Guid(298d07503baba81429223c07b458ec76) Importer(815301076,1909f56bfc062723c751e8b465ee728b)
Start importing Assets/Prefabs/Dog.prefab using Guid(298d07503baba81429223c07b458ec76) Importer(815301076,1909f56bfc062723c751e8b465ee728b)  -> (artifact id: '0ae340a15d92008cd508fe3f3fcc9ac0') in 0.012776 seconds
  Import took 0.015273 seconds .

========================================================================
Received Import Request.
  Time since last request: 0.840813 seconds.
  path: Assets/Prefabs/Rat.prefab
  artifactKey: Guid(9385d9e8371bae24988a4ba5147c2d23) Importer(815301076,1909f56bfc062723c751e8b465ee728b)
Start importing Assets/Prefabs/Rat.prefab using Guid(9385d9e8371bae24988a4ba5147c2d23) Importer(815301076,1909f56bfc062723c751e8b465ee728b)  -> (artifact id: '541f32ff23f9e17e78baf86e4abe6eeb') in 0.019598 seconds
  Import took 0.022095 seconds .

========================================================================
Received Import Request.
  Time since last request: 0.000369 seconds.
  path: Assets/Prefabs/Rat.prefab
  artifactKey: Guid(9385d9e8371bae24988a4ba5147c2d23) Importer(815301076,1909f56bfc062723c751e8b465ee728b)
Start importing Assets/Prefabs/Rat.prefab using Guid(9385d9e8371bae24988a4ba5147c2d23) Importer(815301076,1909f56bfc062723c751e8b465ee728b)  -> (artifact id: '541f32ff23f9e17e78baf86e4abe6eeb') in 0.008734 seconds
  Import took 0.011224 seconds .

========================================================================
Received Prepare
Refreshing native plugins compatible for Editor in 2.38 ms, found 2 plugins.
Preloading 0 native plugins for Editor in 0.00 ms.
Unloading 12 Unused Serialized files (Serialized files now loaded: 0)
System memory in use before: 42.4 MB.
System memory in use after: 42.5 MB.

Unloading 12 unused Assets to reduce memory usage. Loaded Objects now: 1870.
Total: 2.300100 ms (FindLiveObjects: 0.165900 ms CreateObjectMapping: 0.033400 ms MarkObjects: 2.043800 ms  DeleteObjects: 0.056300 ms)

========================================================================
Received Prepare
Registering precompiled user dll's ...
Registered in 0.002737 seconds.
Begin MonoManager ReloadAssembly
Native extension for WindowsStandalone target not found
Native extension for WebGL target not found
Refreshing native plugins compatible for Editor in 0.35 ms, found 2 plugins.
Preloading 0 native plugins for Editor in 0.00 ms.
Mono: successfully reloaded assembly
- Completed reload, in  0.956 seconds
Platform modules already initialized, skipping
Refreshing native plugins compatible for Editor in 0.48 ms, found 2 plugins.
Preloading 0 native plugins for Editor in 0.00 ms.
Unloading 1425 Unused Serialized files (Serialized files now loaded: 0)
System memory in use before: 69.1 MB.
System memory in use after: 69.2 MB.

Unloading 14 unused Assets to reduce memory usage. Loaded Objects now: 1873.
Total: 1.879400 ms (FindLiveObjects: 0.174100 ms CreateObjectMapping: 0.031700 ms MarkObjects: 1.615200 ms  DeleteObjects: 0.057700 ms)

========================================================================
Received Prepare
Registering precompiled user dll's ...
Registered in 0.002780 seconds.
Begin MonoManager ReloadAssembly
Native extension for WindowsStandalone target not found
Native extension for WebGL target not found
Refreshing native plugins compatible for Editor in 0.37 ms, found 2 plugins.
Preloading 0 native plugins for Editor in 0.00 ms.
Mono: successfully reloaded assembly
- Completed reload, in  0.960 seconds
Platform modules already initialized, skipping
Refreshing native plugins compatible for Editor in 0.36 ms, found 2 plugins.
Preloading 0 native plugins for Editor in 0.00 ms.
Unloading 1425 Unused Serialized files (Serialized files now loaded: 0)
System memory in use before: 69.1 MB.
System memory in use after: 69.2 MB.

Unloading 14 unused Assets to reduce memory usage. Loaded Objects now: 1876.
Total: 1.873200 ms (FindLiveObjects: 0.158000 ms CreateObjectMapping: 0.038500 ms MarkObjects: 1.618900 ms  DeleteObjects: 0.056500 ms)

